********************************************************************************
DUPLICATOR-LITE PACKAGE-LOG: September 10, 2024 11:47 pm
NOTICE: Do NOT post to public sites or forums 
********************************************************************************
VERSION:	1.5.10.2
WORDPRESS:	6.6.1
PHP INFO:	8.3.8 | SAPI: apache2handler
SERVER:		Apache/2.4.41 (Unix) PHP/8.3.8 
PHP TIME LIMIT: (0) no time limit imposed 
PHP MAX MEMORY: 4294967296 (1000M default) 
MEMORY STACK: 42.5MB

********************************************************************************
DATABASE:
********************************************************************************
BUILD MODE:   PHP(query limit - 100)
MYSQLTIMEOUT: 5000
MYSQLDUMP:    Not Supported
TABLES: total:13 | filtered:0 | create:13
FILTERED: []
SQL CREATED: 20240910_hashed_8af69ade90fe6d553273_20240910234649_database.sql
SQL FILE SIZE: 438.18KB (448695)
SQL FILE TIME: 2024-09-10 23:47:13
SQL RUNTIME: 0.26 sec.

********************************************************************************
ARCHIVE (ZIP):
********************************************************************************
ARCHIVE DIR:  /storage/emulated/0/wordpress LMS docs/htdocs/lms
ARCHIVE FILE: 20240910_hashed_8af69ade90fe6d553273_20240910234649_archive.zip
FILTERS: *OFF*
DIRS:
	not set
FILES:
	not set
EXTS:  not set
----------------------------------------
COMPRESSING
SIZE:	98.52MB
STATS:	Dirs 788 | Files 5,142
SQL ADDED: 20240910_hashed_8af69ade90fe6d553273_20240910234649_database.sql
ZipArchive Object
(
    [lastId] => 5929
    [status] => 0
    [statusSys] => 0
    [numFiles] => 5930
    [filename] => /storage/emulated/0/wordpress LMS docs/htdocs/lms/wp-content/backups-dup-lite/tmp/20240910_hashed_8af69ade90fe6d553273_20240910234649_archive.zip
    [comment] => 
)

FILE ADDED TO ZIP: 5929
[PHP ERR][NOTICE] MSG:ob_flush(): Failed to flush buffer. No buffer to flush [CODE:8|FILE:/storage/emulated/0/wordpress LMS docs/htdocs/lms/wp-content/plugins/duplicator/classes/utilities/class.u.php|LINE:173]
do_action('wp_ajax_duplicator_package_build'), WP_Hook->do_action, WP_Hook->apply_filters, duplicator_package_build, DUP_Package->runZipBuild, DUP_Archive->build, DUP_Zip::create, DUP_Util::fcgiFlush, ob_flush, DUP_Handler::error, DUP_Handler::getMessage
COMPRESSION RESULT: '1'
COMPRESSED SIZE: 33.42MB
ARCHIVE RUNTIME: 30.11 sec.
MEMORY STACK: 44.5MB
building installer
[PHP ERR][WARN] MSG:file_put_contents(): Exclusive locks are not supported for this stream [CODE:2|FILE:/storage/emulated/0/wordpress LMS docs/htdocs/lms/wp-content/plugins/duplicator/src/Libs/WpConfig/WPConfigTransformer.php|LINE:488]
do_action('wp_ajax_duplicator_package_build'), WP_Hook->do_action, WP_Hook->apply_filters, duplicator_package_build, DUP_Package->runZipBuild, DUP_Installer->build, DUP_Installer->add_extra_files, DUP_Installer->initConfigFiles, DUP_Installer::cleanTempWPConfArkFilePath, Duplicator\Libs\WpConfig\WPConfigTransformer->update, Duplicator\Libs\WpConfig\WPConfigTransformer->save, file_put_contents, DUP_Handler::error, DUP_Handler::getMessage
Can\'t inizialize wp-config transformer Message: Failed to update the wp-config.php file.
ARCHIVE CONSISTENCY TEST: PASS

********************************************************************************
INTEGRITY CHECKS:
********************************************************************************
SQL FILE: 438.18KB
INSTALLER FILE: 73.47KB
ARCHIVE FILE: 35.28MB 
EXPECTED FILE/DIRECTORY COUNT: 5,930
ACTUAL FILE/DIRECTORY COUNT: 5,929
ARCHIVE CONSISTENCY TEST: Pass

********************************************************************************
RECORD ID:[1]
TOTAL PROCESS RUNTIME: 33.49 sec.
PEAK PHP MEMORY USED: 46.5MB
DONE PROCESSING => 20240910_hashed September 10, 2024 11:47 pm

